<?xml version="1.0" encoding="GBK"?>
<Config CONFIG-FILE-PATH="{2}op/test-config.xml">
  <Operation id="test" bean="cn.brightcom.jraf.report.ReportTest" desc="²âÊÔÀà">
    <Action rowacc="" colacc="" old="" accredit="" oauth="" base="" desc="´òÓ¡²âÊÔ" log="" nologin="true" webservice="" name="userprt">
      <Flow>
        <Forward result="0" ftype="0" path="/ttttt" />
      </Flow>
    </Action>
  </Operation>
</Config>

